<?xml version="1.0" encoding="UTF-8"?>
<!-- Generated by org.testng.reporters.JUnitReportReporter -->
<testsuite hostname="DESKTOP-UOAO342" failures="0" tests="1" name="sawebautmation.BaseTest" time="4.258" errors="0" timestamp="2023-09-10T13:09:53 IST" skipped="0">
  <testcase classname="sawebautmation.BaseTest" name="baseTest" time="4.258"/>
</testsuite> <!-- sawebautmation.BaseTest -->
