<?xml version="1.0" encoding="UTF-8"?>
<!-- Generated by org.testng.reporters.JUnitReportReporter -->
<testsuite hostname="DESKTOP-UOAO342" failures="0" tests="1" name="sa.test.IAM.Sahome" time="5.099" errors="0" timestamp="2023-09-10T19:05:03 IST" skipped="0">
  <testcase classname="sa.test.IAM.Sahome" name="Test1" time="5.099"/>
</testsuite> <!-- sa.test.IAM.Sahome -->
